<?xml version="1.0" encoding="UTF-8"?>
<!-- Generated by org.testng.reporters.JUnitReportReporter -->
<testsuite hostname="DESKTOP-SDBSI0M" failures="0" tests="1" name="loginModule.Contactstest" time="70.079" errors="0" timestamp="2023-07-03T20:54:56 GMT-07:00" skipped="0">
  <testcase classname="loginModule.Contactstest" name="creatingcontatcWithexsistingOrg" time="70.079"/>
  <system-out/>
</testsuite> <!-- loginModule.Contactstest -->
