<?xml version="1.0" encoding="UTF-8"?>
<!-- Generated by org.testng.reporters.JUnitReportReporter -->
<testsuite hostname="DESKTOP-SDBSI0M" failures="0" tests="1" name="loginModule.TC_05" time="54.255" errors="0" timestamp="2023-06-27T16:33:59 GMT-07:00" skipped="0">
  <testcase classname="loginModule.TC_05" name="CreateContactWithExistingOrganization" time="54.255"/>
  <system-out/>
</testsuite> <!-- loginModule.TC_05 -->
