<?xml version="1.0" encoding="UTF-8"?>
<!-- Generated by org.testng.reporters.JUnitReportReporter -->
<testsuite hostname="DESKTOP-SDBSI0M" failures="0" tests="1" name="demoPackage.ExtentReportClass" time="1.359" errors="0" timestamp="2023-06-15T21:20:58 GMT-07:00" skipped="0">
  <testcase classname="demoPackage.ExtentReportClass" name="report" time="1.359"/>
  <system-out/>
</testsuite> <!-- demoPackage.ExtentReportClass -->
