<?xml version="1.0" encoding="UTF-8"?>
<!-- Generated by org.testng.reporters.JUnitReportReporter -->
<testsuite hostname="DESKTOP-SDBSI0M" failures="0" tests="1" name="loginModule.TC_02_Test" time="17.956" errors="0" timestamp="2023-07-06T09:34:11 GMT-07:00" skipped="0">
  <testcase classname="loginModule.TC_02_Test" name="LeadWithMandatoryfields" time="17.956"/>
  <system-out/>
</testsuite> <!-- loginModule.TC_02_Test -->
