<?xml version="1.0" encoding="UTF-8"?>
<!-- Generated by org.testng.reporters.JUnitReportReporter -->
<testsuite hostname="DESKTOP-SDBSI0M" failures="0" tests="1" name="demoPackage.ExtentReportClass2" time="15.611" errors="0" timestamp="2023-06-16T09:16:44 GMT-07:00" skipped="0">
  <testcase classname="demoPackage.ExtentReportClass2" name="report" time="15.611"/>
  <system-out/>
</testsuite> <!-- demoPackage.ExtentReportClass2 -->
