<?xml version="1.0" encoding="UTF-8"?>
<!-- Generated by org.testng.reporters.JUnitReportReporter -->
<testsuite hostname="DESKTOP-SDBSI0M" failures="0" tests="1" name="loginModule.TC_06_Test" time="30.569" errors="0" timestamp="2023-07-06T09:30:29 GMT-07:00" skipped="0">
  <testcase classname="loginModule.TC_06_Test" name="organizationcreating" time="30.569"/>
  <system-out/>
</testsuite> <!-- loginModule.TC_06_Test -->
