<?xml version="1.0" encoding="UTF-8"?>
<!-- Generated by org.testng.reporters.JUnitReportReporter -->
<testsuite hostname="DESKTOP-SDBSI0M" failures="0" tests="1" name="demoRepo.TC01" time="1.504" errors="0" timestamp="2023-06-30T09:57:06 GMT-07:00" skipped="0">
  <testcase classname="demoRepo.TC01" name="demo" time="1.504"/>
  <system-out/>
</testsuite> <!-- demoRepo.TC01 -->
