<?xml version="1.0" encoding="UTF-8"?>
<!-- Generated by org.testng.reporters.JUnitReportReporter -->
<testsuite hostname="DESKTOP-SDBSI0M" failures="0" tests="1" name="loginModule.TC_02" time="20.389" errors="0" timestamp="2023-07-01T10:00:48 GMT-07:00" skipped="0">
  <testcase classname="loginModule.TC_02" name="LeadWithMandatoryfields" time="20.389"/>
  <system-out/>
</testsuite> <!-- loginModule.TC_02 -->
