<?xml version="1.0" encoding="UTF-8"?>
<!-- Generated by org.testng.reporters.JUnitReportReporter -->
<testsuite hostname="DESKTOP-SDBSI0M" failures="0" tests="1" name="loginModule.TC_04_Test" time="33.239" errors="0" timestamp="2023-07-06T09:31:46 GMT-07:00" skipped="0">
  <testcase classname="loginModule.TC_04_Test" name="creatingcontatcWithexsistingOrg" time="33.239"/>
  <system-out/>
</testsuite> <!-- loginModule.TC_04_Test -->
