<?xml version="1.0" encoding="UTF-8"?>
<!-- Generated by org.testng.reporters.JUnitReportReporter -->
<testsuite hostname="DESKTOP-SDBSI0M" failures="0" tests="1" name="loginModule.CreateOrganizationClass" time="33.703" errors="0" timestamp="2023-07-01T10:17:16 GMT-07:00" skipped="0">
  <testcase classname="loginModule.CreateOrganizationClass" name="organizationcreating" time="33.703"/>
  <system-out/>
</testsuite> <!-- loginModule.CreateOrganizationClass -->
