<?xml version="1.0" encoding="UTF-8"?>
<!-- Generated by org.testng.reporters.JUnitReportReporter -->
<testsuite hostname="DESKTOP-SDBSI0M" failures="0" tests="1" name="demoRepo.TCL" time="0.022" errors="0" timestamp="2023-06-30T10:04:12 GMT-07:00" skipped="0">
  <testcase classname="demoRepo.TCL" name="dem" time="0.022"/>
  <system-out/>
</testsuite> <!-- demoRepo.TCL -->
