<?xml version="1.0" encoding="UTF-8"?>
<!-- Generated by org.testng.reporters.JUnitReportReporter -->
<testsuite hostname="DESKTOP-SDBSI0M" failures="0" tests="1" name="loginModule.TC_05_Test" time="23.111" errors="0" timestamp="2023-07-06T09:38:35 GMT-07:00" skipped="0">
  <testcase classname="loginModule.TC_05_Test" name="ceateEvenetTestcase" time="23.111"/>
  <system-out/>
</testsuite> <!-- loginModule.TC_05_Test -->
