<?xml version="1.0" encoding="UTF-8"?>
<!-- Generated by org.testng.reporters.JUnitReportReporter -->
<testsuite hostname="DESKTOP-SDBSI0M" failures="0" tests="1" name="loginModule.TC_03" time="61.651" errors="0" timestamp="2023-07-01T09:56:55 GMT-07:00" skipped="0">
  <testcase classname="loginModule.TC_03" name="CreateleadAndDuplicatelead" time="61.651"/>
  <system-out/>
</testsuite> <!-- loginModule.TC_03 -->
