<?xml version="1.0" encoding="UTF-8"?>
<!-- Generated by org.testng.reporters.JUnitReportReporter -->
<testsuite hostname="DESKTOP-SDBSI0M" failures="0" tests="1" name="loginModule.TC_03_Test" time="60.268" errors="0" timestamp="2023-07-06T09:33:22 GMT-07:00" skipped="0">
  <testcase classname="loginModule.TC_03_Test" name="CreateleadAndDuplicatelead" time="60.268"/>
  <system-out/>
</testsuite> <!-- loginModule.TC_03_Test -->
