<?xml version="1.0" encoding="UTF-8"?>
<!-- Generated by org.testng.reporters.JUnitReportReporter -->
<testsuite hostname="DESKTOP-SDBSI0M" failures="0" tests="1" name="loginModule.TC__03" time="70.158" errors="0" timestamp="2023-06-24T10:12:24 GMT-07:00" skipped="0">
  <testcase classname="loginModule.TC__03" name="creatingOrganization" time="70.158"/>
  <system-out/>
</testsuite> <!-- loginModule.TC__03 -->
